{
  "Cucumber Features": {
    "coverage": {
      "/Users/robert/Downloads/Advanced Software Engineeirng/project/project-digi-id/digiID/app/controllers/users_controller.rb": {
        "lines": [
          1,
          null,
          1,
          0,
          0,
          null,
          null,
          null,
          1,
          1,
          null,
          null,
          1,
          null,
          null,
          null,
          1,
          0,
          0,
          0,
          null,
          null,
          1,
          0,
          null,
          null,
          1,
          0,
          0,
          0,
          0,
          null,
          null,
          1,
          0,
          0,
          0,
          0,
          null,
          null,
          1,
          0,
          0,
          0,
          null,
          0,
          0,
          0,
          null,
          0,
          null,
          null,
          null,
          1,
          null,
          null,
          1,
          0,
          null,
          null
        ]
      },
      "/Users/robert/Downloads/Advanced Software Engineeirng/project/project-digi-id/digiID/app/controllers/application_controller.rb": {
        "lines": [
          1,
          null,
          null,
          1,
          null
        ]
      },
      "/Users/robert/Downloads/Advanced Software Engineeirng/project/project-digi-id/digiID/app/helpers/application_helper.rb": {
        "lines": [
          1,
          null
        ]
      },
      "/Users/robert/Downloads/Advanced Software Engineeirng/project/project-digi-id/digiID/app/helpers/movies_helper.rb": {
        "lines": [
          1,
          null,
          1,
          0,
          null,
          null
        ]
      },
      "/Users/robert/Downloads/Advanced Software Engineeirng/project/project-digi-id/digiID/app/models/user.rb": {
        "lines": [
          1,
          null
        ]
      }
    },
    "timestamp": 1615670563
  },
  "RSpec": {
    "coverage": {
      "/Users/robert/Downloads/Advanced Software Engineeirng/project/project-digi-id/digiID/app/helpers/application_helper.rb": {
        "lines": [
          1,
          null
        ]
      },
      "/Users/robert/Downloads/Advanced Software Engineeirng/project/project-digi-id/digiID/app/helpers/movies_helper.rb": {
        "lines": [
          1,
          null,
          1,
          1,
          null,
          null
        ]
      },
      "/Users/robert/Downloads/Advanced Software Engineeirng/project/project-digi-id/digiID/app/controllers/movies_controller.rb": {
        "lines": [
          1,
          null,
          1,
          2,
          2,
          null,
          null,
          null,
          1,
          2,
          null,
          null,
          1,
          null,
          null,
          null,
          1,
          2,
          2,
          2,
          null,
          null,
          1,
          1,
          null,
          null,
          1,
          3,
          3,
          3,
          3,
          null,
          null,
          1,
          2,
          2,
          2,
          2,
          null,
          null,
          1,
          2,
          2,
          2,
          null,
          2,
          1,
          1,
          null,
          1,
          null,
          null,
          null,
          1,
          null,
          null,
          1,
          5,
          null,
          null
        ]
      },
      "/Users/robert/Downloads/Advanced Software Engineeirng/project/project-digi-id/digiID/app/controllers/application_controller.rb": {
        "lines": [
          1,
          null,
          null,
          1,
          null
        ]
      },
      "/Users/robert/Downloads/Advanced Software Engineeirng/project/project-digi-id/digiID/app/models/movie.rb": {
        "lines": [
          1,
          1,
          3,
          null,
          null
        ]
      }
    },
    "timestamp": 1615582618
  }
}
